vsearch v2.21.1_linux_x86_64, 251.5GB RAM, 28 cores
https://github.com/torognes/vsearch

Reading file mothur.output/mothur.input.trim.contigs.good.unique.good.filter.unique.precluster.temp11.temp 100%
2276 nt in 9 seqs, min 252, max 253, avg 253
Masking 100%
Sorting by abundance 100%
Counting k-mers 100%
Detecting chimeras 100%
Found 0 (0.0%) chimeras, 9 (100.0%) non-chimeras,
and 0 (0.0%) borderline sequences in 9 unique sequences.
Taking abundance information into account, this corresponds to
0 (0.0%) chimeras, 12 (100.0%) non-chimeras,
and 0 (0.0%) borderline sequences in 12 total sequences.
vsearch v2.21.1_linux_x86_64, 251.5GB RAM, 28 cores
https://github.com/torognes/vsearch

Reading file mothur.output/mothur.input.trim.contigs.good.unique.good.filter.unique.precluster.temp7.temp 100%
753406 nt in 2978 seqs, min 244, max 257, avg 253
Maskingvsearch v2.21.1_linux_x86_64, 251.5GB RAM, 28 cores
https://github.com/torognes/vsearch

Reading file mothur.output/mothur.input.trim.contigs.good.unique.good.filter.unique.precluster.temp2.temp 100%
811083 nt in 3206 seqs, min 237, max 260, avg 253
Maskingvsearch v2.21.1_linux_x86_64, 251.5GB RAM, 28 cores
https://github.com/torognes/vsearch

Reading file mothur.output/mothur.input.trim.contigs.good.unique.good.filter.unique.precluster.temp5.temp 100%
1379127 nt in 5451 seqs, min 241, max 257, avg 253
Maskingvsearch v2.21.1_linux_x86_64, 251.5GB RAM, 28 cores
https://github.com/torognes/vsearch

Reading file mothur.output/mothur.input.trim.contigs.good.unique.good.filter.unique.precluster.temp8.temp 100%
1460067 nt in 5771 seqs, min 246, max 259, avg 253
Maskingvsearch v2.21.1_linux_x86_64, 251.5GB RAM, 28 cores
https://github.com/torognes/vsearch

vsearch v2.21.1_linux_x86_64, 251.5GB RAM, 28 cores
https://github.com/torognes/vsearch

Reading file mothur.output/mothur.input.trim.contigs.good.unique.good.filter.unique.precluster.temp 100%
1271191 nt in 5024 seqs, min 222, max 261, avg 253
Maskingvsearch v2.21.1_linux_x86_64, 251.5GB RAM, 28 cores
https://github.com/torognes/vsearch

Reading file mothur.output/mothur.input.trim.contigs.good.unique.good.filter.unique.precluster.temp9.temp 100%
Sorting by abundance 100%
Counting k-mers 100%
Reading file mothur.output/mothur.input.trim.contigs.good.unique.good.filter.unique.precluster.temp10.temp1620061 nt in 6404 seqs, min 233, max 257, avg 253
Masking 100%
Detecting chimeras 100%
1509784 nt in 5968 seqs, min 222, max 257, avg 253
Maskingvsearch v2.21.1_linux_x86_64, 251.5GB RAM, 28 cores
https://github.com/torognes/vsearch

Reading file mothur.output/mothur.input.trim.contigs.good.unique.good.filter.unique.precluster.temp6.tempvsearch v2.21.1_linux_x86_64, 251.5GB RAM, 28 cores
https://github.com/torognes/vsearch

Reading file mothur.output/mothur.input.trim.contigs.good.unique.good.filter.unique.precluster.temp11.temp 100%
1718370 nt in 6792 seqs, min 236, max 257, avg 253
Masking 100%
Sorting by abundance 100%
Counting k-mers 100%
1578911 nt in 6241 seqs, min 222, max 258, avg 253
Masking 100%
Detecting chimeras 100%
Sorting by abundance 100%
Counting k-mers 100%
Detecting chimeras 100%
Sorting by abundance 100%
Counting k-mers 100%
Detecting chimeras 100%
Sorting by abundance 100%
Counting k-mers 100%
Detecting chimeras 100%
Sorting by abundance 100%
Counting k-mers 100%
Sorting by abundance 100%
Counting k-mersvsearch v2.21.1_linux_x86_64, 251.5GB RAM, 28 cores
https://github.com/torognes/vsearch

 100%
Detecting chimeras 100%
Detecting chimerasReading file mothur.output/mothur.input.trim.contigs.good.unique.good.filter.unique.precluster.temp3.temp 100%
Sorting by abundance 100%
Counting k-mers 100%
4690430 nt in 18539 seqs, min 222, max 261, avg 253
Masking 100%
Detecting chimeras 100%
Sorting by abundance 100%
Counting k-mers 100%
Detecting chimerasvsearch v2.21.1_linux_x86_64, 251.5GB RAM, 28 cores
https://github.com/torognes/vsearch

Reading file mothur.output/mothur.input.trim.contigs.good.unique.good.filter.unique.precluster.temp1.temp 100%
4678761 nt in 18492 seqs, min 233, max 263, avg 253
Maskingvsearch v2.21.1_linux_x86_64, 251.5GB RAM, 28 cores
https://github.com/torognes/vsearch

Reading file mothur.output/mothur.input.trim.contigs.good.unique.good.filter.unique.precluster.temp4.temp 100%
8961414 nt in 35421 seqs, min 234, max 260, avg 253
Masking 100%
Sorting by abundance 100%
Counting k-mers 100%
Detecting chimeras 100%
Sorting by abundance 100%
Counting k-mers 100%
Detecting chimeras 100%
Sorting by abundance 100%
Counting k-mers 100%
Detecting chimeras 100%
Found 220 (7.4%) chimeras, 2746 (92.2%) non-chimeras,
and 12 (0.4%) borderline sequences in 2978 unique sequences.
Taking abundance information into account, this corresponds to
282 (0.8%) chimeras, 36075 (99.2%) non-chimeras,
and 17 (0.0%) borderline sequences in 36374 total sequences.
 100%
Found 52 (1.6%) chimeras, 3148 (98.2%) non-chimeras,
and 6 (0.2%) borderline sequences in 3206 unique sequences.
Taking abundance information into account, this corresponds to
331 (0.5%) chimeras, 67688 (99.5%) non-chimeras,
and 6 (0.0%) borderline sequences in 68025 total sequences.
vsearch v2.21.1_linux_x86_64, 251.5GB RAM, 28 cores
https://github.com/torognes/vsearch

Reading file mothur.output/mothur.input.trim.contigs.good.unique.good.filter.unique.precluster.temp7.temp 100%
1223248 nt in 4835 seqs, min 230, max 257, avg 253
Masking 100%
Sorting by abundance 100%
Counting k-mers 100%
Detecting chimeras 100%
Found 1853 (34.0%) chimeras, 3540 (64.9%) non-chimeras,
and 58 (1.1%) borderline sequences in 5451 unique sequences.
Taking abundance information into account, this corresponds to
2690 (5.2%) chimeras, 49439 (94.7%) non-chimeras,
and 82 (0.2%) borderline sequences in 52211 total sequences.
 100%
Found 2142 (37.1%) chimeras, 3546 (61.4%) non-chimeras,
and 83 (1.4%) borderline sequences in 5771 unique sequences.
Taking abundance information into account, this corresponds to
3307 (5.5%) chimeras, 56971 (94.3%) non-chimeras,
and 122 (0.2%) borderline sequences in 60400 total sequences.
 100%
Found 732 (14.6%) chimeras, 4239 (84.4%) non-chimeras,
and 53 (1.1%) borderline sequences in 5024 unique sequences.
Taking abundance information into account, this corresponds to
868 (1.5%) chimeras, 55540 (98.4%) non-chimeras,
and 61 (0.1%) borderline sequences in 56469 total sequences.
vsearch v2.21.1_linux_x86_64, 251.5GB RAM, 28 cores
https://github.com/torognes/vsearch

Reading file mothur.output/mothur.input.trim.contigs.good.unique.good.filter.unique.precluster.temp5.temp 100%
2044354 nt in 8080 seqs, min 242, max 257, avg 253
Maskingvsearch v2.21.1_linux_x86_64, 251.5GB RAM, 28 cores
https://github.com/torognes/vsearch

Reading file mothur.output/mothur.input.trim.contigs.good.unique.good.filter.unique.precluster.temp8.temp 100%
947997 nt in 3747 seqs, min 241, max 257, avg 253
Masking 100%
Sorting by abundance 100%
Counting k-mers 100%
Detecting chimeras 100%
Found 2606 (43.7%) chimeras, 3271 (54.8%) non-chimeras,
and 91 (1.5%) borderline sequences in 5968 unique sequences.
Taking abundance information into account, this corresponds to
4111 (7.4%) chimeras, 51093 (92.4%) non-chimeras,
and 115 (0.2%) borderline sequences in 55319 total sequences.
 100%
Found 2501 (40.1%) chimeras, 3627 (58.1%) non-chimeras,
and 113 (1.8%) borderline sequences in 6241 unique sequences.
Taking abundance information into account, this corresponds to
4461 (6.7%) chimeras, 62235 (93.1%) non-chimeras,
and 160 (0.2%) borderline sequences in 66856 total sequences.
 100%
Sorting by abundance 100%
Counting k-mers 100%
Detecting chimeras 100%
Found 2553 (39.9%) chimeras, 3751 (58.6%) non-chimeras,
and 100 (1.6%) borderline sequences in 6404 unique sequences.
Taking abundance information into account, this corresponds to
4141 (6.1%) chimeras, 63737 (93.7%) non-chimeras,
and 140 (0.2%) borderline sequences in 68018 total sequences.
vsearch v2.21.1_linux_x86_64, 251.5GB RAM, 28 cores
https://github.com/torognes/vsearch

Reading file mothur.output/mothur.input.trim.contigs.good.unique.good.filter.unique.precluster.temp10.temp 100%
1662360 nt in 6571 seqs, min 222, max 257, avg 253
Maskingvsearch v2.21.1_linux_x86_64, 251.5GB RAM, 28 cores
https://github.com/torognes/vsearch

Reading file mothur.output/mothur.input.trim.contigs.good.unique.good.filter.unique.precluster.temp9.temp 100%
1653501 nt in 6536 seqs, min 222, max 263, avg 253
Masking 100%
Sorting by abundance 100%
Counting k-mers 100%
Detecting chimeras 100%
Sorting by abundance 100%
Counting k-mers 100%
Detecting chimeras 100%
Found 2544 (37.5%) chimeras, 4149 (61.1%) non-chimeras,
and 99 (1.5%) borderline sequences in 6792 unique sequences.
Taking abundance information into account, this corresponds to
3761 (6.2%) chimeras, 57251 (93.6%) non-chimeras,
and 124 (0.2%) borderline sequences in 61136 total sequences.
vsearch v2.21.1_linux_x86_64, 251.5GB RAM, 28 cores
https://github.com/torognes/vsearch

Reading file mothur.output/mothur.input.trim.contigs.good.unique.good.filter.unique.precluster.temp6.temp 100%
1656398 nt in 6547 seqs, min 233, max 257, avg 253
Masking 100%
Found 1610 (33.3%) chimeras, 3138 (64.9%) non-chimeras,
and 87 (1.8%) borderline sequences in 4835 unique sequences.
Taking abundance information into account, this corresponds to
2236 (5.1%) chimeras, 41315 (94.6%) non-chimeras,
and 105 (0.2%) borderline sequences in 43656 total sequences.
 100%
Sorting by abundance 100%
Counting k-mers 100%
Detecting chimeras 100%
Found 834 (22.3%) chimeras, 2877 (76.8%) non-chimeras,
and 36 (1.0%) borderline sequences in 3747 unique sequences.
Taking abundance information into account, this corresponds to
1004 (2.6%) chimeras, 37215 (97.2%) non-chimeras,
and 53 (0.1%) borderline sequences in 38272 total sequences.
 100%
Found 2887 (43.9%) chimeras, 3577 (54.4%) non-chimeras,
and 107 (1.6%) borderline sequences in 6571 unique sequences.
Taking abundance information into account, this corresponds to
4909 (7.2%) chimeras, 63253 (92.6%) non-chimeras,
and 150 (0.2%) borderline sequences in 68312 total sequences.
 100%
Found 2915 (44.6%) chimeras, 3531 (54.0%) non-chimeras,
and 90 (1.4%) borderline sequences in 6536 unique sequences.
Taking abundance information into account, this corresponds to
4808 (8.0%) chimeras, 55540 (91.9%) non-chimeras,
and 108 (0.2%) borderline sequences in 60456 total sequences.
 100%
Found 3793 (46.9%) chimeras, 4172 (51.6%) non-chimeras,
and 115 (1.4%) borderline sequences in 8080 unique sequences.
Taking abundance information into account, this corresponds to
5896 (8.1%) chimeras, 66762 (91.7%) non-chimeras,
and 154 (0.2%) borderline sequences in 72812 total sequences.
 100%
Found 2586 (39.5%) chimeras, 3880 (59.3%) non-chimeras,
and 81 (1.2%) borderline sequences in 6547 unique sequences.
Taking abundance information into account, this corresponds to
3924 (6.8%) chimeras, 53279 (93.0%) non-chimeras,
and 114 (0.2%) borderline sequences in 57317 total sequences.
 100%
Found 11370 (61.5%) chimeras, 6864 (37.1%) non-chimeras,
and 258 (1.4%) borderline sequences in 18492 unique sequences.
Taking abundance information into account, this corresponds to
15135 (20.3%) chimeras, 59070 (79.2%) non-chimeras,
and 396 (0.5%) borderline sequences in 74601 total sequences.
 100%
Found 10270 (55.4%) chimeras, 8008 (43.2%) non-chimeras,
and 261 (1.4%) borderline sequences in 18539 unique sequences.
Taking abundance information into account, this corresponds to
15233 (13.7%) chimeras, 95637 (85.9%) non-chimeras,
and 437 (0.4%) borderline sequences in 111307 total sequences.
vsearch v2.21.1_linux_x86_64, 251.5GB RAM, 28 cores
https://github.com/torognes/vsearch

Reading file mothur.output/mothur.input.trim.contigs.good.unique.good.filter.unique.precluster.temp3.temp 100%
1732937 nt in 6850 seqs, min 238, max 265, avg 253
Masking 100%
Sorting by abundance 100%
Counting k-mers 100%
Detecting chimeras 100%
Found 1011 (14.8%) chimeras, 5754 (84.0%) non-chimeras,
and 85 (1.2%) borderline sequences in 6850 unique sequences.
Taking abundance information into account, this corresponds to
1386 (1.2%) chimeras, 112622 (98.7%) non-chimeras,
and 129 (0.1%) borderline sequences in 114137 total sequences.
 100%
Found 18927 (53.4%) chimeras, 15961 (45.1%) non-chimeras,
and 533 (1.5%) borderline sequences in 35421 unique sequences.
Taking abundance information into account, this corresponds to
32896 (10.8%) chimeras, 271016 (88.8%) non-chimeras,
and 1147 (0.4%) borderline sequences in 305059 total sequences.
vsearch v2.21.1_linux_x86_64, 251.5GB RAM, 28 cores
https://github.com/torognes/vsearch

Reading file mothur.output/mothur.input.trim.contigs.good.unique.good.filter.unique.precluster.temp4.temp 100%
2005583 nt in 7927 seqs, min 242, max 257, avg 253
Masking 100%
Sorting by abundance 100%
Counting k-mers 100%
Detecting chimeras 100%
Found 3589 (45.3%) chimeras, 4217 (53.2%) non-chimeras,
and 121 (1.5%) borderline sequences in 7927 unique sequences.
Taking abundance information into account, this corresponds to
4806 (8.4%) chimeras, 51925 (91.2%) non-chimeras,
and 188 (0.3%) borderline sequences in 56919 total sequences.
